[  4%] [32mBuilding CXX object CMakeFiles/db_beta_controller_sim.dir/home/binggwong/workspace/CPG-ROC_BallRolling/controllers/db_alpha/walking_neural_control/sim/dbalpha_controller.cpp.o[0m
[  8%] [32mBuilding CXX object CMakeFiles/db_beta_controller_sim.dir/home/binggwong/workspace/CPG-ROC_BallRolling/controllers/db_alpha/walking_neural_control/sim/main_dbalpha_controller.cpp.o[0m
[ 12%] [32m[1mLinking CXX executable /home/binggwong/workspace/CPG-ROC_BallRolling/projects/db_alpha/walking_neural_control/sim/ros2_ws/src/walking_neural_controller_sim/bin/db_beta_controller_sim[0m
[100%] Built target db_beta_controller_sim
-- Install configuration: ""
-- Installing: /home/binggwong/workspace/CPG-ROC_BallRolling/projects/db_alpha/walking_neural_control/sim/ros2_ws/install/walking_neural_controller_sim/lib/walking_neural_controller_sim/db_beta_controller_sim
-- Set non-toolchain portion of runtime path of "/home/binggwong/workspace/CPG-ROC_BallRolling/projects/db_alpha/walking_neural_control/sim/ros2_ws/install/walking_neural_controller_sim/lib/walking_neural_controller_sim/db_beta_controller_sim" to ""
-- Up-to-date: /home/binggwong/workspace/CPG-ROC_BallRolling/projects/db_alpha/walking_neural_control/sim/ros2_ws/install/walking_neural_controller_sim/share/walking_neural_controller_sim/launch
-- Up-to-date: /home/binggwong/workspace/CPG-ROC_BallRolling/projects/db_alpha/walking_neural_control/sim/ros2_ws/install/walking_neural_controller_sim/share/walking_neural_controller_sim/launch/walking_neural_control_sim.launch
-- Up-to-date: /home/binggwong/workspace/CPG-ROC_BallRolling/projects/db_alpha/walking_neural_control/sim/ros2_ws/install/walking_neural_controller_sim/share/ament_index/resource_index/package_run_dependencies/walking_neural_controller_sim
-- Up-to-date: /home/binggwong/workspace/CPG-ROC_BallRolling/projects/db_alpha/walking_neural_control/sim/ros2_ws/install/walking_neural_controller_sim/share/ament_index/resource_index/parent_prefix_path/walking_neural_controller_sim
-- Up-to-date: /home/binggwong/workspace/CPG-ROC_BallRolling/projects/db_alpha/walking_neural_control/sim/ros2_ws/install/walking_neural_controller_sim/share/walking_neural_controller_sim/environment/ament_prefix_path.sh
-- Up-to-date: /home/binggwong/workspace/CPG-ROC_BallRolling/projects/db_alpha/walking_neural_control/sim/ros2_ws/install/walking_neural_controller_sim/share/walking_neural_controller_sim/environment/ament_prefix_path.dsv
-- Up-to-date: /home/binggwong/workspace/CPG-ROC_BallRolling/projects/db_alpha/walking_neural_control/sim/ros2_ws/install/walking_neural_controller_sim/share/walking_neural_controller_sim/environment/path.sh
-- Up-to-date: /home/binggwong/workspace/CPG-ROC_BallRolling/projects/db_alpha/walking_neural_control/sim/ros2_ws/install/walking_neural_controller_sim/share/walking_neural_controller_sim/environment/path.dsv
-- Up-to-date: /home/binggwong/workspace/CPG-ROC_BallRolling/projects/db_alpha/walking_neural_control/sim/ros2_ws/install/walking_neural_controller_sim/share/walking_neural_controller_sim/local_setup.bash
-- Up-to-date: /home/binggwong/workspace/CPG-ROC_BallRolling/projects/db_alpha/walking_neural_control/sim/ros2_ws/install/walking_neural_controller_sim/share/walking_neural_controller_sim/local_setup.sh
-- Up-to-date: /home/binggwong/workspace/CPG-ROC_BallRolling/projects/db_alpha/walking_neural_control/sim/ros2_ws/install/walking_neural_controller_sim/share/walking_neural_controller_sim/local_setup.zsh
-- Up-to-date: /home/binggwong/workspace/CPG-ROC_BallRolling/projects/db_alpha/walking_neural_control/sim/ros2_ws/install/walking_neural_controller_sim/share/walking_neural_controller_sim/local_setup.dsv
-- Installing: /home/binggwong/workspace/CPG-ROC_BallRolling/projects/db_alpha/walking_neural_control/sim/ros2_ws/install/walking_neural_controller_sim/share/walking_neural_controller_sim/package.dsv
-- Up-to-date: /home/binggwong/workspace/CPG-ROC_BallRolling/projects/db_alpha/walking_neural_control/sim/ros2_ws/install/walking_neural_controller_sim/share/ament_index/resource_index/packages/walking_neural_controller_sim
-- Up-to-date: /home/binggwong/workspace/CPG-ROC_BallRolling/projects/db_alpha/walking_neural_control/sim/ros2_ws/install/walking_neural_controller_sim/share/walking_neural_controller_sim/cmake/walking_neural_controller_simConfig.cmake
-- Up-to-date: /home/binggwong/workspace/CPG-ROC_BallRolling/projects/db_alpha/walking_neural_control/sim/ros2_ws/install/walking_neural_controller_sim/share/walking_neural_controller_sim/cmake/walking_neural_controller_simConfig-version.cmake
-- Up-to-date: /home/binggwong/workspace/CPG-ROC_BallRolling/projects/db_alpha/walking_neural_control/sim/ros2_ws/install/walking_neural_controller_sim/share/walking_neural_controller_sim/package.xml
