[0.057s] DEBUG:colcon:Command line arguments: ['/usr/bin/colcon', 'build']
[0.057s] DEBUG:colcon:Parsed command line arguments: Namespace(log_base=None, log_level=None, verb_name='build', build_base='build', install_base='install', merge_install=False, symlink_install=False, test_result_base=None, continue_on_error=False, executor='parallel', parallel_workers=22, event_handlers=None, ignore_user_meta=False, metas=['./colcon.meta'], base_paths=['.'], packages_ignore=None, packages_ignore_regex=None, paths=None, packages_up_to=None, packages_up_to_regex=None, packages_above=None, packages_above_and_dependencies=None, packages_above_depth=None, packages_select_by_dep=None, packages_skip_by_dep=None, packages_skip_up_to=None, packages_select_build_failed=False, packages_skip_build_finished=False, packages_select_test_failures=False, packages_skip_test_passed=False, packages_select=None, packages_skip=None, packages_select_regex=None, packages_skip_regex=None, packages_start=None, packages_end=None, allow_overriding=[], cmake_args=None, cmake_target=None, cmake_target_skip_unavailable=False, cmake_clean_cache=False, cmake_clean_first=False, cmake_force_configure=False, ament_cmake_args=None, catkin_cmake_args=None, catkin_skip_building_tests=False, mixin_files=None, mixin=None, verb_parser=<colcon_mixin.mixin.mixin_argument.MixinArgumentDecorator object at 0x78811f76e8a0>, verb_extension=<colcon_core.verb.build.BuildVerb object at 0x78811f898d10>, main=<bound method BuildVerb.main of <colcon_core.verb.build.BuildVerb object at 0x78811f898d10>>, mixin_verb=('build',))
[0.075s] Level 1:colcon.colcon_core.package_discovery:discover_packages(colcon_meta) check parameters
[0.075s] Level 1:colcon.colcon_core.package_discovery:discover_packages(recursive) check parameters
[0.075s] Level 1:colcon.colcon_core.package_discovery:discover_packages(ignore) check parameters
[0.075s] Level 1:colcon.colcon_core.package_discovery:discover_packages(path) check parameters
[0.075s] Level 1:colcon.colcon_core.package_discovery:discover_packages(colcon_meta) discover
[0.075s] Level 1:colcon.colcon_core.package_discovery:discover_packages(recursive) discover
[0.076s] INFO:colcon.colcon_core.package_discovery:Crawling recursively for packages in '/home/binggwong/workspace/CPG-ROC_BallRolling/projects/db_alpha/walking_neural_control/sim/ros2_ws'
[0.076s] Level 1:colcon.colcon_core.package_identification:_identify(.) by extensions ['ignore', 'ignore_ament_install']
[0.076s] Level 1:colcon.colcon_core.package_identification:_identify(.) by extension 'ignore'
[0.076s] Level 1:colcon.colcon_core.package_identification:_identify(.) by extension 'ignore_ament_install'
[0.076s] Level 1:colcon.colcon_core.package_identification:_identify(.) by extensions ['colcon_pkg']
[0.076s] Level 1:colcon.colcon_core.package_identification:_identify(.) by extension 'colcon_pkg'
[0.076s] Level 1:colcon.colcon_core.package_identification:_identify(.) by extensions ['colcon_meta']
[0.076s] Level 1:colcon.colcon_core.package_identification:_identify(.) by extension 'colcon_meta'
[0.076s] Level 1:colcon.colcon_core.package_identification:_identify(.) by extensions ['ros']
[0.076s] Level 1:colcon.colcon_core.package_identification:_identify(.) by extension 'ros'
[0.089s] Level 1:colcon.colcon_core.package_identification:_identify(.) by extensions ['cmake', 'python']
[0.089s] Level 1:colcon.colcon_core.package_identification:_identify(.) by extension 'cmake'
[0.089s] Level 1:colcon.colcon_core.package_identification:_identify(.) by extension 'python'
[0.089s] Level 1:colcon.colcon_core.package_identification:_identify(.) by extensions ['python_setup_py']
[0.089s] Level 1:colcon.colcon_core.package_identification:_identify(.) by extension 'python_setup_py'
[0.089s] Level 1:colcon.colcon_core.package_identification:_identify(build) by extensions ['ignore', 'ignore_ament_install']
[0.089s] Level 1:colcon.colcon_core.package_identification:_identify(build) by extension 'ignore'
[0.089s] Level 1:colcon.colcon_core.package_identification:_identify(build) ignored
[0.089s] Level 1:colcon.colcon_core.package_identification:_identify(install) by extensions ['ignore', 'ignore_ament_install']
[0.089s] Level 1:colcon.colcon_core.package_identification:_identify(install) by extension 'ignore'
[0.089s] Level 1:colcon.colcon_core.package_identification:_identify(install) ignored
[0.089s] Level 1:colcon.colcon_core.package_identification:_identify(log) by extensions ['ignore', 'ignore_ament_install']
[0.089s] Level 1:colcon.colcon_core.package_identification:_identify(log) by extension 'ignore'
[0.089s] Level 1:colcon.colcon_core.package_identification:_identify(log) ignored
[0.089s] Level 1:colcon.colcon_core.package_identification:_identify(src) by extensions ['ignore', 'ignore_ament_install']
[0.090s] Level 1:colcon.colcon_core.package_identification:_identify(src) by extension 'ignore'
[0.090s] Level 1:colcon.colcon_core.package_identification:_identify(src) by extension 'ignore_ament_install'
[0.090s] Level 1:colcon.colcon_core.package_identification:_identify(src) by extensions ['colcon_pkg']
[0.090s] Level 1:colcon.colcon_core.package_identification:_identify(src) by extension 'colcon_pkg'
[0.090s] Level 1:colcon.colcon_core.package_identification:_identify(src) by extensions ['colcon_meta']
[0.090s] Level 1:colcon.colcon_core.package_identification:_identify(src) by extension 'colcon_meta'
[0.090s] Level 1:colcon.colcon_core.package_identification:_identify(src) by extensions ['ros']
[0.090s] Level 1:colcon.colcon_core.package_identification:_identify(src) by extension 'ros'
[0.090s] Level 1:colcon.colcon_core.package_identification:_identify(src) by extensions ['cmake', 'python']
[0.090s] Level 1:colcon.colcon_core.package_identification:_identify(src) by extension 'cmake'
[0.090s] Level 1:colcon.colcon_core.package_identification:_identify(src) by extension 'python'
[0.090s] Level 1:colcon.colcon_core.package_identification:_identify(src) by extensions ['python_setup_py']
[0.090s] Level 1:colcon.colcon_core.package_identification:_identify(src) by extension 'python_setup_py'
[0.090s] Level 1:colcon.colcon_core.package_identification:_identify(src/walking_neural_controller_sim) by extensions ['ignore', 'ignore_ament_install']
[0.090s] Level 1:colcon.colcon_core.package_identification:_identify(src/walking_neural_controller_sim) by extension 'ignore'
[0.090s] Level 1:colcon.colcon_core.package_identification:_identify(src/walking_neural_controller_sim) by extension 'ignore_ament_install'
[0.090s] Level 1:colcon.colcon_core.package_identification:_identify(src/walking_neural_controller_sim) by extensions ['colcon_pkg']
[0.090s] Level 1:colcon.colcon_core.package_identification:_identify(src/walking_neural_controller_sim) by extension 'colcon_pkg'
[0.090s] Level 1:colcon.colcon_core.package_identification:_identify(src/walking_neural_controller_sim) by extensions ['colcon_meta']
[0.090s] Level 1:colcon.colcon_core.package_identification:_identify(src/walking_neural_controller_sim) by extension 'colcon_meta'
[0.090s] Level 1:colcon.colcon_core.package_identification:_identify(src/walking_neural_controller_sim) by extensions ['ros']
[0.090s] Level 1:colcon.colcon_core.package_identification:_identify(src/walking_neural_controller_sim) by extension 'ros'
[0.091s] DEBUG:colcon.colcon_core.package_identification:Package 'src/walking_neural_controller_sim' with type 'ros.ament_cmake' and name 'walking_neural_controller_sim'
[0.091s] Level 1:colcon.colcon_core.package_discovery:discover_packages(recursive) using defaults
[0.091s] Level 1:colcon.colcon_core.package_discovery:discover_packages(ignore) discover
[0.091s] Level 1:colcon.colcon_core.package_discovery:discover_packages(ignore) using defaults
[0.091s] Level 1:colcon.colcon_core.package_discovery:discover_packages(path) discover
[0.091s] Level 1:colcon.colcon_core.package_discovery:discover_packages(path) using defaults
[0.100s] Level 1:colcon.colcon_core.package_discovery:discover_packages(prefix_path) check parameters
[0.100s] Level 1:colcon.colcon_core.package_discovery:discover_packages(prefix_path) discover
[0.102s] DEBUG:colcon.colcon_installed_package_information.package_discovery:Found 285 installed packages in /opt/ros/jazzy
[0.102s] Level 1:colcon.colcon_core.package_discovery:discover_packages(prefix_path) using defaults
[0.121s] Level 5:colcon.colcon_core.verb:set package 'walking_neural_controller_sim' build argument 'cmake_args' from command line to 'None'
[0.121s] Level 5:colcon.colcon_core.verb:set package 'walking_neural_controller_sim' build argument 'cmake_target' from command line to 'None'
[0.121s] Level 5:colcon.colcon_core.verb:set package 'walking_neural_controller_sim' build argument 'cmake_target_skip_unavailable' from command line to 'False'
[0.121s] Level 5:colcon.colcon_core.verb:set package 'walking_neural_controller_sim' build argument 'cmake_clean_cache' from command line to 'False'
[0.121s] Level 5:colcon.colcon_core.verb:set package 'walking_neural_controller_sim' build argument 'cmake_clean_first' from command line to 'False'
[0.121s] Level 5:colcon.colcon_core.verb:set package 'walking_neural_controller_sim' build argument 'cmake_force_configure' from command line to 'False'
[0.121s] Level 5:colcon.colcon_core.verb:set package 'walking_neural_controller_sim' build argument 'ament_cmake_args' from command line to 'None'
[0.121s] Level 5:colcon.colcon_core.verb:set package 'walking_neural_controller_sim' build argument 'catkin_cmake_args' from command line to 'None'
[0.121s] Level 5:colcon.colcon_core.verb:set package 'walking_neural_controller_sim' build argument 'catkin_skip_building_tests' from command line to 'False'
[0.121s] DEBUG:colcon.colcon_core.verb:Building package 'walking_neural_controller_sim' with the following arguments: {'ament_cmake_args': None, 'build_base': '/home/binggwong/workspace/CPG-ROC_BallRolling/projects/db_alpha/walking_neural_control/sim/ros2_ws/build/walking_neural_controller_sim', 'catkin_cmake_args': None, 'catkin_skip_building_tests': False, 'cmake_args': None, 'cmake_clean_cache': False, 'cmake_clean_first': False, 'cmake_force_configure': False, 'cmake_target': None, 'cmake_target_skip_unavailable': False, 'install_base': '/home/binggwong/workspace/CPG-ROC_BallRolling/projects/db_alpha/walking_neural_control/sim/ros2_ws/install/walking_neural_controller_sim', 'merge_install': False, 'path': '/home/binggwong/workspace/CPG-ROC_BallRolling/projects/db_alpha/walking_neural_control/sim/ros2_ws/src/walking_neural_controller_sim', 'symlink_install': False, 'test_result_base': None}
[0.121s] INFO:colcon.colcon_core.executor:Executing jobs using 'parallel' executor
[0.122s] DEBUG:colcon.colcon_parallel_executor.executor.parallel:run_until_complete
[0.122s] INFO:colcon.colcon_ros.task.ament_cmake.build:Building ROS package in '/home/binggwong/workspace/CPG-ROC_BallRolling/projects/db_alpha/walking_neural_control/sim/ros2_ws/src/walking_neural_controller_sim' with build type 'ament_cmake'
[0.122s] INFO:colcon.colcon_cmake.task.cmake.build:Building CMake package in '/home/binggwong/workspace/CPG-ROC_BallRolling/projects/db_alpha/walking_neural_control/sim/ros2_ws/src/walking_neural_controller_sim'
[0.124s] INFO:colcon.colcon_core.plugin_system:Skipping extension 'colcon_core.shell.bat': Not used on non-Windows systems
[0.124s] INFO:colcon.colcon_core.shell:Skip shell extension 'powershell' for command environment: Not usable outside of PowerShell
[0.124s] DEBUG:colcon.colcon_core.shell:Skip shell extension 'dsv' for command environment
[0.134s] DEBUG:colcon.colcon_core.event_handler.log_command:Invoking command in '/home/binggwong/workspace/CPG-ROC_BallRolling/projects/db_alpha/walking_neural_control/sim/ros2_ws/build/walking_neural_controller_sim': CMAKE_PREFIX_PATH=${CMAKE_PREFIX_PATH}:/opt/ros/jazzy DEBUGINFOD_URLS=https://debuginfod.ubuntu.com /usr/bin/cmake --build /home/binggwong/workspace/CPG-ROC_BallRolling/projects/db_alpha/walking_neural_control/sim/ros2_ws/build/walking_neural_controller_sim -- -j22 -l22
[2.329s] DEBUG:colcon.colcon_core.event_handler.log_command:Invoked command in '/home/binggwong/workspace/CPG-ROC_BallRolling/projects/db_alpha/walking_neural_control/sim/ros2_ws/build/walking_neural_controller_sim' returned '2': CMAKE_PREFIX_PATH=${CMAKE_PREFIX_PATH}:/opt/ros/jazzy DEBUGINFOD_URLS=https://debuginfod.ubuntu.com /usr/bin/cmake --build /home/binggwong/workspace/CPG-ROC_BallRolling/projects/db_alpha/walking_neural_control/sim/ros2_ws/build/walking_neural_controller_sim -- -j22 -l22
[2.423s] Level 1:colcon.colcon_core.environment:create_environment_scripts_only(walking_neural_controller_sim)
[2.426s] Level 1:colcon.colcon_core.environment:checking '/home/binggwong/workspace/CPG-ROC_BallRolling/projects/db_alpha/walking_neural_control/sim/ros2_ws/install/walking_neural_controller_sim' for CMake module files
[2.432s] Level 1:colcon.colcon_core.environment:checking '/home/binggwong/workspace/CPG-ROC_BallRolling/projects/db_alpha/walking_neural_control/sim/ros2_ws/install/walking_neural_controller_sim' for CMake config files
[2.432s] Level 1:colcon.colcon_core.shell:create_environment_hook('walking_neural_controller_sim', 'cmake_prefix_path')
[2.433s] INFO:colcon.colcon_core.shell:Creating environment hook '/home/binggwong/workspace/CPG-ROC_BallRolling/projects/db_alpha/walking_neural_control/sim/ros2_ws/install/walking_neural_controller_sim/share/walking_neural_controller_sim/hook/cmake_prefix_path.ps1'
[2.433s] INFO:colcon.colcon_core.shell:Creating environment descriptor '/home/binggwong/workspace/CPG-ROC_BallRolling/projects/db_alpha/walking_neural_control/sim/ros2_ws/install/walking_neural_controller_sim/share/walking_neural_controller_sim/hook/cmake_prefix_path.dsv'
[2.434s] INFO:colcon.colcon_core.shell:Creating environment hook '/home/binggwong/workspace/CPG-ROC_BallRolling/projects/db_alpha/walking_neural_control/sim/ros2_ws/install/walking_neural_controller_sim/share/walking_neural_controller_sim/hook/cmake_prefix_path.sh'
[2.435s] Level 1:colcon.colcon_core.environment:checking '/home/binggwong/workspace/CPG-ROC_BallRolling/projects/db_alpha/walking_neural_control/sim/ros2_ws/install/walking_neural_controller_sim/lib'
[2.435s] Level 1:colcon.colcon_core.environment:checking '/home/binggwong/workspace/CPG-ROC_BallRolling/projects/db_alpha/walking_neural_control/sim/ros2_ws/install/walking_neural_controller_sim/bin'
[2.435s] Level 1:colcon.colcon_core.environment:checking '/home/binggwong/workspace/CPG-ROC_BallRolling/projects/db_alpha/walking_neural_control/sim/ros2_ws/install/walking_neural_controller_sim/lib/pkgconfig/walking_neural_controller_sim.pc'
[2.436s] Level 1:colcon.colcon_core.environment:checking '/home/binggwong/workspace/CPG-ROC_BallRolling/projects/db_alpha/walking_neural_control/sim/ros2_ws/install/walking_neural_controller_sim/lib/python3.12/site-packages'
[2.436s] Level 1:colcon.colcon_core.environment:checking '/home/binggwong/workspace/CPG-ROC_BallRolling/projects/db_alpha/walking_neural_control/sim/ros2_ws/install/walking_neural_controller_sim/bin'
[2.436s] INFO:colcon.colcon_core.shell:Creating package script '/home/binggwong/workspace/CPG-ROC_BallRolling/projects/db_alpha/walking_neural_control/sim/ros2_ws/install/walking_neural_controller_sim/share/walking_neural_controller_sim/package.ps1'
[2.437s] INFO:colcon.colcon_core.shell:Creating package descriptor '/home/binggwong/workspace/CPG-ROC_BallRolling/projects/db_alpha/walking_neural_control/sim/ros2_ws/install/walking_neural_controller_sim/share/walking_neural_controller_sim/package.dsv'
[2.438s] INFO:colcon.colcon_core.shell:Creating package script '/home/binggwong/workspace/CPG-ROC_BallRolling/projects/db_alpha/walking_neural_control/sim/ros2_ws/install/walking_neural_controller_sim/share/walking_neural_controller_sim/package.sh'
[2.439s] INFO:colcon.colcon_core.shell:Creating package script '/home/binggwong/workspace/CPG-ROC_BallRolling/projects/db_alpha/walking_neural_control/sim/ros2_ws/install/walking_neural_controller_sim/share/walking_neural_controller_sim/package.bash'
[2.439s] INFO:colcon.colcon_core.shell:Creating package script '/home/binggwong/workspace/CPG-ROC_BallRolling/projects/db_alpha/walking_neural_control/sim/ros2_ws/install/walking_neural_controller_sim/share/walking_neural_controller_sim/package.zsh'
[2.440s] Level 1:colcon.colcon_core.environment:create_file_with_runtime_dependencies(/home/binggwong/workspace/CPG-ROC_BallRolling/projects/db_alpha/walking_neural_control/sim/ros2_ws/install/walking_neural_controller_sim/share/colcon-core/packages/walking_neural_controller_sim)
[2.450s] DEBUG:colcon.colcon_parallel_executor.executor.parallel:closing loop
[2.451s] DEBUG:colcon.colcon_parallel_executor.executor.parallel:loop closed
[2.451s] DEBUG:colcon.colcon_parallel_executor.executor.parallel:run_until_complete finished with '2'
[2.451s] DEBUG:colcon.colcon_core.event_reactor:joining thread
[2.463s] INFO:colcon.colcon_core.plugin_system:Skipping extension 'colcon_notification.desktop_notification.terminal_notifier': Not used on non-Darwin systems
[2.464s] INFO:colcon.colcon_core.plugin_system:Skipping extension 'colcon_notification.desktop_notification.win32': Not used on non-Windows systems
[2.464s] INFO:colcon.colcon_notification.desktop_notification:Sending desktop notification using 'notify2'
[2.487s] DEBUG:colcon.colcon_core.event_reactor:joined thread
[2.487s] INFO:colcon.colcon_core.shell:Creating prefix script '/home/binggwong/workspace/CPG-ROC_BallRolling/projects/db_alpha/walking_neural_control/sim/ros2_ws/install/local_setup.ps1'
[2.489s] INFO:colcon.colcon_core.shell:Creating prefix util module '/home/binggwong/workspace/CPG-ROC_BallRolling/projects/db_alpha/walking_neural_control/sim/ros2_ws/install/_local_setup_util_ps1.py'
[2.490s] INFO:colcon.colcon_core.shell:Creating prefix chain script '/home/binggwong/workspace/CPG-ROC_BallRolling/projects/db_alpha/walking_neural_control/sim/ros2_ws/install/setup.ps1'
[2.491s] INFO:colcon.colcon_core.shell:Creating prefix script '/home/binggwong/workspace/CPG-ROC_BallRolling/projects/db_alpha/walking_neural_control/sim/ros2_ws/install/local_setup.sh'
[2.492s] INFO:colcon.colcon_core.shell:Creating prefix util module '/home/binggwong/workspace/CPG-ROC_BallRolling/projects/db_alpha/walking_neural_control/sim/ros2_ws/install/_local_setup_util_sh.py'
[2.492s] INFO:colcon.colcon_core.shell:Creating prefix chain script '/home/binggwong/workspace/CPG-ROC_BallRolling/projects/db_alpha/walking_neural_control/sim/ros2_ws/install/setup.sh'
[2.493s] INFO:colcon.colcon_core.shell:Creating prefix script '/home/binggwong/workspace/CPG-ROC_BallRolling/projects/db_alpha/walking_neural_control/sim/ros2_ws/install/local_setup.bash'
[2.494s] INFO:colcon.colcon_core.shell:Creating prefix chain script '/home/binggwong/workspace/CPG-ROC_BallRolling/projects/db_alpha/walking_neural_control/sim/ros2_ws/install/setup.bash'
[2.494s] INFO:colcon.colcon_core.shell:Creating prefix script '/home/binggwong/workspace/CPG-ROC_BallRolling/projects/db_alpha/walking_neural_control/sim/ros2_ws/install/local_setup.zsh'
[2.495s] INFO:colcon.colcon_core.shell:Creating prefix chain script '/home/binggwong/workspace/CPG-ROC_BallRolling/projects/db_alpha/walking_neural_control/sim/ros2_ws/install/setup.zsh'
