-- The C compiler identification is GNU 13.2.0
-- The CXX compiler identification is GNU 13.2.0
-- Detecting C compiler ABI info
-- Detecting C compiler ABI info - done
-- Check for working C compiler: /usr/bin/cc - skipped
-- Detecting C compile features
-- Detecting C compile features - done
-- Detecting CXX compiler ABI info
-- Detecting CXX compiler ABI info - done
-- Check for working CXX compiler: /usr/bin/c++ - skipped
-- Detecting CXX compile features
-- Detecting CXX compile features - done
-- Found ament_cmake: 2.5.2 (/opt/ros/jazzy/share/ament_cmake/cmake)
-- Found Python3: /usr/bin/python3 (found version "3.12.3") found components: Interpreter 
-- Found rclcpp: 28.1.3 (/opt/ros/jazzy/share/rclcpp/cmake)
-- Found rosidl_generator_c: 4.6.3 (/opt/ros/jazzy/share/rosidl_generator_c/cmake)
-- Found rosidl_generator_cpp: 4.6.3 (/opt/ros/jazzy/share/rosidl_generator_cpp/cmake)
-- Using all available rosidl_typesupport_c: rosidl_typesupport_fastrtps_c;rosidl_typesupport_introspection_c
-- Using all available rosidl_typesupport_cpp: rosidl_typesupport_fastrtps_cpp;rosidl_typesupport_introspection_cpp
-- Found rmw_implementation_cmake: 7.3.1 (/opt/ros/jazzy/share/rmw_implementation_cmake/cmake)
-- Found rmw_fastrtps_cpp: 8.4.1 (/opt/ros/jazzy/share/rmw_fastrtps_cpp/cmake)
-- Found OpenSSL: /usr/lib/x86_64-linux-gnu/libcrypto.so (found version "3.0.13")  
-- Found FastRTPS: /opt/ros/jazzy/include (Required is at least version "2.13") 
-- Using RMW implementation 'rmw_fastrtps_cpp' as default
-- Found std_msgs: 5.3.5 (/opt/ros/jazzy/share/std_msgs/cmake)
-- Found sensor_msgs: 5.3.5 (/opt/ros/jazzy/share/sensor_msgs/cmake)
-- Found tf2_geometry_msgs: 0.36.4 (/opt/ros/jazzy/share/tf2_geometry_msgs/cmake)
-- Found eigen3_cmake_module: 0.3.0 (/opt/ros/jazzy/share/eigen3_cmake_module/cmake)
-- Found Eigen3: TRUE (found version "3.4.0") 
-- Ensuring Eigen3 include directory is part of orocos-kdl CMake target
-- Found ament_lint_auto: 0.17.1 (/opt/ros/jazzy/share/ament_lint_auto/cmake)
-- Added test 'lint_cmake' to check CMake code style
-- Added test 'xmllint' to check XML markup files
-- Configuring done (1.2s)
-- Generating done (0.0s)
-- Build files have been written to: /home/binggwong/workspace/CPG-ROC_BallRolling/projects/db_alpha/walking_neural_control/sim/ros2_ws/build/walking_neural_controller_sim
[  4%] [32mBuilding CXX object CMakeFiles/db_beta_controller_sim.dir/home/binggwong/workspace/CPG-ROC_BallRolling/controllers/db_alpha/walking_neural_control/sim/joystick.cpp.o[0m
[  8%] [32mBuilding CXX object CMakeFiles/db_beta_controller_sim.dir/home/binggwong/workspace/CPG-ROC_BallRolling/controllers/db_alpha/walking_neural_control/sim/utils/db_psn.cpp.o[0m
[ 12%] [32mBuilding CXX object CMakeFiles/db_beta_controller_sim.dir/home/binggwong/workspace/CPG-ROC_BallRolling/controllers/db_alpha/walking_neural_control/sim/utils/grabcpg.cpp.o[0m
[ 16%] [32mBuilding CXX object CMakeFiles/db_beta_controller_sim.dir/home/binggwong/workspace/CPG-ROC_BallRolling/controllers/db_alpha/walking_neural_control/sim/dbalpha_controller.cpp.o[0m
[ 20%] [32mBuilding CXX object CMakeFiles/db_beta_controller_sim.dir/home/binggwong/workspace/CPG-ROC_BallRolling/controllers/db_alpha/walking_neural_control/sim/simRos2Class.cpp.o[0m
[ 25%] [32mBuilding CXX object CMakeFiles/db_beta_controller_sim.dir/home/binggwong/workspace/CPG-ROC_BallRolling/utils/ann-library/so2cpg.cpp.o[0m
[ 29%] [32mBuilding CXX object CMakeFiles/db_beta_controller_sim.dir/home/binggwong/workspace/CPG-ROC_BallRolling/controllers/db_alpha/walking_neural_control/sim/utils/dln.cpp.o[0m
[ 37%] [32mBuilding CXX object CMakeFiles/db_beta_controller_sim.dir/home/binggwong/workspace/CPG-ROC_BallRolling/utils/ann-framework/neuron.cpp.o[0m
[ 37%] [32mBuilding CXX object CMakeFiles/db_beta_controller_sim.dir/home/binggwong/workspace/CPG-ROC_BallRolling/controllers/db_alpha/walking_neural_control/sim/utils/AMC.cpp.o[0m
[ 45%] [32mBuilding CXX object CMakeFiles/db_beta_controller_sim.dir/home/binggwong/workspace/CPG-ROC_BallRolling/utils/ann-framework/synapse.cpp.o[0m
[ 45%] [32mBuilding CXX object CMakeFiles/db_beta_controller_sim.dir/home/binggwong/workspace/CPG-ROC_BallRolling/utils/ann-library/pcpg.cpp.o[0m
[ 54%] [32mBuilding CXX object CMakeFiles/db_beta_controller_sim.dir/home/binggwong/workspace/CPG-ROC_BallRolling/utils/ann-library/adaptiveso2cpgsynplas.cpp.o[0m
[ 54%] [32mBuilding CXX object CMakeFiles/db_beta_controller_sim.dir/home/binggwong/workspace/CPG-ROC_BallRolling/utils/vaam-II-library/Matrix.cpp.o[0m
[ 58%] [32mBuilding CXX object CMakeFiles/db_beta_controller_sim.dir/home/binggwong/workspace/CPG-ROC_BallRolling/utils/delayline.cpp.o[0m
[ 62%] [32mBuilding CXX object CMakeFiles/db_beta_controller_sim.dir/home/binggwong/workspace/CPG-ROC_BallRolling/utils/vaam-II-library/AdaptiveMotorController.cpp.o[0m
[ 66%] [32mBuilding CXX object CMakeFiles/db_beta_controller_sim.dir/home/binggwong/workspace/CPG-ROC_BallRolling/controllers/db_alpha/walking_neural_control/sim/dbModularController.cpp.o[0m
[ 70%] [32mBuilding CXX object CMakeFiles/db_beta_controller_sim.dir/home/binggwong/workspace/CPG-ROC_BallRolling/controllers/db_alpha/walking_neural_control/sim/utils/db_pcpg.cpp.o[0m
[ 75%] [32mBuilding CXX object CMakeFiles/db_beta_controller_sim.dir/home/binggwong/workspace/CPG-ROC_BallRolling/utils/ann-library/extendedso2cpg.cpp.o[0m
[ 79%] [32mBuilding CXX object CMakeFiles/db_beta_controller_sim.dir/home/binggwong/workspace/CPG-ROC_BallRolling/utils/ann-framework/ann.cpp.o[0m
[ 83%] [32mBuilding CXX object CMakeFiles/db_beta_controller_sim.dir/home/binggwong/workspace/CPG-ROC_BallRolling/controllers/db_alpha/walking_neural_control/sim/main_dbalpha_controller.cpp.o[0m
[ 87%] [32mBuilding CXX object CMakeFiles/db_beta_controller_sim.dir/home/binggwong/workspace/CPG-ROC_BallRolling/utils/ann-library/pmn.cpp.o[0m
[ 91%] [32mBuilding CXX object CMakeFiles/db_beta_controller_sim.dir/home/binggwong/workspace/CPG-ROC_BallRolling/utils/ann-library/vrn.cpp.o[0m
[ 95%] [32mBuilding CXX object CMakeFiles/db_beta_controller_sim.dir/home/binggwong/workspace/CPG-ROC_BallRolling/utils/interpolator2d.cpp.o[0m
[100%] [32m[1mLinking CXX executable /home/binggwong/workspace/CPG-ROC_BallRolling/projects/db_alpha/walking_neural_control/sim/ros2_ws/src/walking_neural_controller_sim/bin/db_beta_controller_sim[0m
[100%] Built target db_beta_controller_sim
-- Install configuration: ""
-- Installing: /home/binggwong/workspace/CPG-ROC_BallRolling/projects/db_alpha/walking_neural_control/sim/ros2_ws/install/walking_neural_controller_sim/lib/walking_neural_controller_sim/db_beta_controller_sim
-- Set non-toolchain portion of runtime path of "/home/binggwong/workspace/CPG-ROC_BallRolling/projects/db_alpha/walking_neural_control/sim/ros2_ws/install/walking_neural_controller_sim/lib/walking_neural_controller_sim/db_beta_controller_sim" to ""
-- Installing: /home/binggwong/workspace/CPG-ROC_BallRolling/projects/db_alpha/walking_neural_control/sim/ros2_ws/install/walking_neural_controller_sim/share/walking_neural_controller_sim/launch
-- Installing: /home/binggwong/workspace/CPG-ROC_BallRolling/projects/db_alpha/walking_neural_control/sim/ros2_ws/install/walking_neural_controller_sim/share/walking_neural_controller_sim/launch/walking_neural_control_sim.launch
-- Installing: /home/binggwong/workspace/CPG-ROC_BallRolling/projects/db_alpha/walking_neural_control/sim/ros2_ws/install/walking_neural_controller_sim/share/ament_index/resource_index/package_run_dependencies/walking_neural_controller_sim
-- Installing: /home/binggwong/workspace/CPG-ROC_BallRolling/projects/db_alpha/walking_neural_control/sim/ros2_ws/install/walking_neural_controller_sim/share/ament_index/resource_index/parent_prefix_path/walking_neural_controller_sim
-- Installing: /home/binggwong/workspace/CPG-ROC_BallRolling/projects/db_alpha/walking_neural_control/sim/ros2_ws/install/walking_neural_controller_sim/share/walking_neural_controller_sim/environment/ament_prefix_path.sh
-- Installing: /home/binggwong/workspace/CPG-ROC_BallRolling/projects/db_alpha/walking_neural_control/sim/ros2_ws/install/walking_neural_controller_sim/share/walking_neural_controller_sim/environment/ament_prefix_path.dsv
-- Installing: /home/binggwong/workspace/CPG-ROC_BallRolling/projects/db_alpha/walking_neural_control/sim/ros2_ws/install/walking_neural_controller_sim/share/walking_neural_controller_sim/environment/path.sh
-- Installing: /home/binggwong/workspace/CPG-ROC_BallRolling/projects/db_alpha/walking_neural_control/sim/ros2_ws/install/walking_neural_controller_sim/share/walking_neural_controller_sim/environment/path.dsv
-- Installing: /home/binggwong/workspace/CPG-ROC_BallRolling/projects/db_alpha/walking_neural_control/sim/ros2_ws/install/walking_neural_controller_sim/share/walking_neural_controller_sim/local_setup.bash
-- Installing: /home/binggwong/workspace/CPG-ROC_BallRolling/projects/db_alpha/walking_neural_control/sim/ros2_ws/install/walking_neural_controller_sim/share/walking_neural_controller_sim/local_setup.sh
-- Installing: /home/binggwong/workspace/CPG-ROC_BallRolling/projects/db_alpha/walking_neural_control/sim/ros2_ws/install/walking_neural_controller_sim/share/walking_neural_controller_sim/local_setup.zsh
-- Installing: /home/binggwong/workspace/CPG-ROC_BallRolling/projects/db_alpha/walking_neural_control/sim/ros2_ws/install/walking_neural_controller_sim/share/walking_neural_controller_sim/local_setup.dsv
-- Installing: /home/binggwong/workspace/CPG-ROC_BallRolling/projects/db_alpha/walking_neural_control/sim/ros2_ws/install/walking_neural_controller_sim/share/walking_neural_controller_sim/package.dsv
-- Installing: /home/binggwong/workspace/CPG-ROC_BallRolling/projects/db_alpha/walking_neural_control/sim/ros2_ws/install/walking_neural_controller_sim/share/ament_index/resource_index/packages/walking_neural_controller_sim
-- Installing: /home/binggwong/workspace/CPG-ROC_BallRolling/projects/db_alpha/walking_neural_control/sim/ros2_ws/install/walking_neural_controller_sim/share/walking_neural_controller_sim/cmake/walking_neural_controller_simConfig.cmake
-- Installing: /home/binggwong/workspace/CPG-ROC_BallRolling/projects/db_alpha/walking_neural_control/sim/ros2_ws/install/walking_neural_controller_sim/share/walking_neural_controller_sim/cmake/walking_neural_controller_simConfig-version.cmake
-- Installing: /home/binggwong/workspace/CPG-ROC_BallRolling/projects/db_alpha/walking_neural_control/sim/ros2_ws/install/walking_neural_controller_sim/share/walking_neural_controller_sim/package.xml
